<?xml version="1.0" encoding="UTF-8"?>
<!-- Generated by org.testng.reporters.JUnitReportReporter -->
<testsuite skipped="0" hostname="DESKTOP-5T9DD7B" name="com.MyClassTest1" tests="4" failures="0" timestamp="29 Aug 2018 14:17:00 GMT" time="0.017" errors="0">
  <testcase name="myTestMethod1" time="0.001" classname="com.MyClassTest1"/>
  <testcase name="myTestMethod1" time="0.014" classname="com.MyClassTest1"/>
  <testcase name="myTestMethod2" time="0.001" classname="com.MyClassTest1"/>
  <testcase name="myTestMethod2" time="0.001" classname="com.MyClassTest1"/>
</testsuite> <!-- com.MyClassTest1 -->
