<?xml version="1.0" encoding="UTF-8"?>
<!-- Generated by org.testng.reporters.JUnitReportReporter -->
<testsuite skipped="0" hostname="DESKTOP-5T9DD7B" name="com.MyClassTest2" tests="2" failures="0" timestamp="29 Aug 2018 14:17:00 GMT" time="0.004" errors="0">
  <testcase name="myTestMethod3" time="0.002" classname="com.MyClassTest2"/>
  <testcase name="myTestMethod4" time="0.002" classname="com.MyClassTest2"/>
</testsuite> <!-- com.MyClassTest2 -->
